# JRE version: Java(TM) SE Runtime Environment (8.0_191-b12) (build 1.8.0_191-b12)
# Java VM: Java HotSpot(TM) 64-Bit Server VM (25.191-b12 mixed mode windows-amd64 compressed oops)
Heap:
 PSYoungGen      total 362496K, used 136451K [0x000000076b300000, 0x0000000788900000, 0x00000007c0000000)
  eden space 339968K, 33% used [0x000000076b300000,0x0000000772245510,0x000000077ff00000)
  from space 22528K, 99% used [0x000000077ff00000,0x00000007814fb990,0x0000000781500000)
  to   space 28672K, 0% used [0x0000000786d00000,0x0000000786d00000,0x0000000788900000)
 ParOldGen       total 210944K, used 44848K [0x00000006c1800000, 0x00000006ce600000, 0x000000076b300000)
  object space 210944K, 21% used [0x00000006c1800000,0x00000006c43cc278,0x00000006ce600000)
 Metaspace       used 81839K, capacity 82532K, committed 82968K, reserved 1120256K
  class space    used 11842K, capacity 12010K, committed 12072K, reserved 1048576K
GC Heap History (10 events):
Event: 7.791 GC heap before
{Heap before GC invocations=10 (full 2):
 PSYoungGen      total 172032K, used 157184K [0x000000076b300000, 0x000000077d480000, 0x00000007c0000000)
  eden space 157184K, 100% used [0x000000076b300000,0x0000000774c80000,0x0000000774c80000)
  from space 14848K, 0% used [0x0000000774c80000,0x0000000774c80000,0x0000000775b00000)
  to   space 15360K, 0% used [0x000000077c580000,0x000000077c580000,0x000000077d480000)
 ParOldGen       total 140800K, used 15469K [0x00000006c1800000, 0x00000006ca180000, 0x000000076b300000)
  object space 140800K, 10% used [0x00000006c1800000,0x00000006c271b558,0x00000006ca180000)
 Metaspace       used 39967K, capacity 40486K, committed 40744K, reserved 1085440K
  class space    used 5011K, capacity 5134K, committed 5160K, reserved 1048576K
Event: 7.802 GC heap after
Heap after GC invocations=10 (full 2):
 PSYoungGen      total 264192K, used 11768K [0x000000076b300000, 0x000000077d100000, 0x00000007c0000000)
  eden space 252416K, 0% used [0x000000076b300000,0x000000076b300000,0x000000077a980000)
  from space 11776K, 99% used [0x000000077c580000,0x000000077d0fe078,0x000000077d100000)
  to   space 15360K, 0% used [0x000000077b300000,0x000000077b300000,0x000000077c200000)
 ParOldGen       total 140800K, used 15477K [0x00000006c1800000, 0x00000006ca180000, 0x000000076b300000)
  object space 140800K, 10% used [0x00000006c1800000,0x00000006c271d558,0x00000006ca180000)
 Metaspace       used 39967K, capacity 40486K, committed 40744K, reserved 1085440K
  class space    used 5011K, capacity 5134K, committed 5160K, reserved 1048576K
}
Event: 10.891 GC heap before
{Heap before GC invocations=11 (full 2):
 PSYoungGen      total 264192K, used 264184K [0x000000076b300000, 0x000000077d100000, 0x00000007c0000000)
  eden space 252416K, 100% used [0x000000076b300000,0x000000077a980000,0x000000077a980000)
  from space 11776K, 99% used [0x000000077c580000,0x000000077d0fe078,0x000000077d100000)
  to   space 15360K, 0% used [0x000000077b300000,0x000000077b300000,0x000000077c200000)
 ParOldGen       total 140800K, used 15477K [0x00000006c1800000, 0x00000006ca180000, 0x000000076b300000)
  object space 140800K, 10% used [0x00000006c1800000,0x00000006c271d558,0x00000006ca180000)
 Metaspace       used 54881K, capacity 55464K, committed 55848K, reserved 1097728K
  class space    used 6985K, capacity 7113K, committed 7208K, reserved 1048576K
Event: 10.930 GC heap after
Heap after GC invocations=11 (full 2):
 PSYoungGen      total 277504K, used 15358K [0x000000076b300000, 0x0000000782b00000, 0x00000007c0000000)
  eden space 262144K, 0% used [0x000000076b300000,0x000000076b300000,0x000000077b300000)
  from space 15360K, 99% used [0x000000077b300000,0x000000077c1ffac8,0x000000077c200000)
  to   space 22528K, 0% used [0x0000000781500000,0x0000000781500000,0x0000000782b00000)
 ParOldGen       total 140800K, used 29272K [0x00000006c1800000, 0x00000006ca180000, 0x000000076b300000)
  object space 140800K, 20% used [0x00000006c1800000,0x00000006c3496260,0x00000006ca180000)
 Metaspace       used 54881K, capacity 55464K, committed 55848K, reserved 1097728K
  class space    used 6985K, capacity 7113K, committed 7208K, reserved 1048576K
}
Event: 12.243 GC heap before
{Heap before GC invocations=12 (full 2):
 PSYoungGen      total 277504K, used 147886K [0x000000076b300000, 0x0000000782b00000, 0x00000007c0000000)
  eden space 262144K, 50% used [0x000000076b300000,0x000000077346bdc8,0x000000077b300000)
  from space 15360K, 99% used [0x000000077b300000,0x000000077c1ffac8,0x000000077c200000)
  to   space 22528K, 0% used [0x0000000781500000,0x0000000781500000,0x0000000782b00000)
 ParOldGen       total 140800K, used 29272K [0x00000006c1800000, 0x00000006ca180000, 0x000000076b300000)
  object space 140800K, 20% used [0x00000006c1800000,0x00000006c3496260,0x00000006ca180000)
 Metaspace       used 58293K, capacity 58894K, committed 59160K, reserved 1101824K
  class space    used 7487K, capacity 7642K, committed 7720K, reserved 1048576K
Event: 12.263 GC heap after
Heap after GC invocations=12 (full 2):
 PSYoungGen      total 362496K, used 14157K [0x000000076b300000, 0x0000000783600000, 0x00000007c0000000)
  eden space 339968K, 0% used [0x000000076b300000,0x000000076b300000,0x000000077ff00000)
  from space 22528K, 62% used [0x0000000781500000,0x00000007822d3410,0x0000000782b00000)
  to   space 22528K, 0% used [0x000000077ff00000,0x000000077ff00000,0x0000000781500000)
 ParOldGen       total 140800K, used 37492K [0x00000006c1800000, 0x00000006ca180000, 0x000000076b300000)
  object space 140800K, 26% used [0x00000006c1800000,0x00000006c3c9d1a0,0x00000006ca180000)
 Metaspace       used 58293K, capacity 58894K, committed 59160K, reserved 1101824K
  class space    used 7487K, capacity 7642K, committed 7720K, reserved 1048576K
}
Event: 12.263 GC heap before
{Heap before GC invocations=13 (full 3):
 PSYoungGen      total 362496K, used 14157K [0x000000076b300000, 0x0000000783600000, 0x00000007c0000000)
  eden space 339968K, 0% used [0x000000076b300000,0x000000076b300000,0x000000077ff00000)
  from space 22528K, 62% used [0x0000000781500000,0x00000007822d3410,0x0000000782b00000)
  to   space 22528K, 0% used [0x000000077ff00000,0x000000077ff00000,0x0000000781500000)
 ParOldGen       total 140800K, used 37492K [0x00000006c1800000, 0x00000006ca180000, 0x000000076b300000)
  object space 140800K, 26% used [0x00000006c1800000,0x00000006c3c9d1a0,0x00000006ca180000)
 Metaspace       used 58293K, capacity 58894K, committed 59160K, reserved 1101824K
  class space    used 7487K, capacity 7642K, committed 7720K, reserved 1048576K
Event: 12.548 GC heap after
Heap after GC invocations=13 (full 3):
 PSYoungGen      total 362496K, used 0K [0x000000076b300000, 0x0000000783600000, 0x00000007c0000000)
  eden space 339968K, 0% used [0x000000076b300000,0x000000076b300000,0x000000077ff00000)
  from space 22528K, 0% used [0x0000000781500000,0x0000000781500000,0x0000000782b00000)
  to   space 22528K, 0% used [0x000000077ff00000,0x000000077ff00000,0x0000000781500000)
 ParOldGen       total 210944K, used 36083K [0x00000006c1800000, 0x00000006ce600000, 0x000000076b300000)
  object space 210944K, 17% used [0x00000006c1800000,0x00000006c3b3cd70,0x00000006ce600000)
 Metaspace       used 58293K, capacity 58894K, committed 59160K, reserved 1101824K
  class space    used 7487K, capacity 7642K, committed 7720K, reserved 1048576K
}
Event: 91.066 GC heap before
{Heap before GC invocations=14 (full 3):
 PSYoungGen      total 362496K, used 339968K [0x000000076b300000, 0x0000000783600000, 0x00000007c0000000)
  eden space 339968K, 100% used [0x000000076b300000,0x000000077ff00000,0x000000077ff00000)
  from space 22528K, 0% used [0x0000000781500000,0x0000000781500000,0x0000000782b00000)
  to   space 22528K, 0% used [0x000000077ff00000,0x000000077ff00000,0x0000000781500000)
 ParOldGen       total 210944K, used 36083K [0x00000006c1800000, 0x00000006ce600000, 0x000000076b300000)
  object space 210944K, 17% used [0x00000006c1800000,0x00000006c3b3cd70,0x00000006ce600000)
 Metaspace       used 79149K, capacity 79844K, committed 80152K, reserved 1118208K
  class space    used 11579K, capacity 11717K, committed 11816K, reserved 1048576K
Event: 91.981 GC heap after
Heap after GC invocations=14 (full 3):
 PSYoungGen      total 362496K, used 22510K [0x000000076b300000, 0x0000000788900000, 0x00000007c0000000)
  eden space 339968K, 0% used [0x000000076b300000,0x000000076b300000,0x000000077ff00000)
  from space 22528K, 99% used [0x000000077ff00000,0x00000007814fb990,0x0000000781500000)
  to   space 28672K, 0% used [0x0000000786d00000,0x0000000786d00000,0x0000000788900000)
 ParOldGen       total 210944K, used 44848K [0x00000006c1800000, 0x00000006ce600000, 0x000000076b300000)
  object space 210944K, 21% used [0x00000006c1800000,0x00000006c43cc278,0x00000006ce600000)
 Metaspace       used 79149K, capacity 79844K, committed 80152K, reserved 1118208K
  class space    used 11579K, capacity 11717K, committed 11816K, reserved 1048576K
}

